mode: set
sma-os/orchestration/planner/bridge.go:14.51,16.2 1 1
sma-os/orchestration/planner/bridge.go:19.66,21.26 2 1
sma-os/orchestration/planner/bridge.go:21.26,30.3 1 1
sma-os/orchestration/planner/bridge.go:31.2,31.14 1 1
sma-os/orchestration/planner/bridge.go:36.103,38.16 2 1
sma-os/orchestration/planner/bridge.go:38.16,40.3 1 0
sma-os/orchestration/planner/bridge.go:42.2,43.38 2 1
sma-os/orchestration/planner/conflict.go:12.70,18.2 5 1
sma-os/orchestration/planner/conflict.go:21.87,23.26 2 1
sma-os/orchestration/planner/conflict.go:23.26,24.41 1 1
sma-os/orchestration/planner/conflict.go:24.41,26.4 1 1
sma-os/orchestration/planner/conflict.go:29.2,30.47 2 1
sma-os/orchestration/planner/conflict.go:30.47,31.23 1 1
sma-os/orchestration/planner/conflict.go:31.23,38.4 1 1
sma-os/orchestration/planner/conflict.go:40.2,40.18 1 1
sma-os/orchestration/planner/conflict.go:44.83,46.26 2 1
sma-os/orchestration/planner/conflict.go:46.26,49.3 2 1
sma-os/orchestration/planner/conflict.go:51.2,52.36 2 1
sma-os/orchestration/planner/conflict.go:52.36,53.23 1 1
sma-os/orchestration/planner/conflict.go:53.23,60.4 1 1
sma-os/orchestration/planner/conflict.go:62.2,62.18 1 1
sma-os/orchestration/planner/conflict.go:66.84,67.21 1 1
sma-os/orchestration/planner/conflict.go:67.21,69.27 2 1
sma-os/orchestration/planner/conflict.go:69.27,71.4 1 1
sma-os/orchestration/planner/conflict.go:72.3,77.5 1 1
sma-os/orchestration/planner/conflict.go:79.2,79.12 1 1
sma-os/orchestration/planner/conflict.go:83.50,86.44 3 1
sma-os/orchestration/planner/conflict.go:86.44,88.65 1 1
sma-os/orchestration/planner/conflict.go:88.65,90.4 1 1
sma-os/orchestration/planner/conflict.go:92.2,92.18 1 1
sma-os/orchestration/planner/llm_decomposer.go:24.80,25.19 1 1
sma-os/orchestration/planner/llm_decomposer.go:25.19,27.3 1 0
sma-os/orchestration/planner/llm_decomposer.go:28.2,28.22 1 1
sma-os/orchestration/planner/llm_decomposer.go:28.22,30.3 1 0
sma-os/orchestration/planner/llm_decomposer.go:31.2,31.79 1 1
sma-os/orchestration/planner/llm_decomposer.go:35.112,36.23 1 1
sma-os/orchestration/planner/llm_decomposer.go:36.23,38.3 1 1
sma-os/orchestration/planner/llm_decomposer.go:39.2,39.26 1 1
sma-os/orchestration/planner/llm_decomposer.go:39.26,41.3 1 1
sma-os/orchestration/planner/llm_decomposer.go:43.2,47.16 4 1
sma-os/orchestration/planner/llm_decomposer.go:47.16,49.3 1 1
sma-os/orchestration/planner/llm_decomposer.go:51.2,52.16 2 1
sma-os/orchestration/planner/llm_decomposer.go:52.16,54.3 1 1
sma-os/orchestration/planner/llm_decomposer.go:56.2,56.34 1 1
sma-os/orchestration/planner/llm_decomposer.go:56.34,58.3 1 1
sma-os/orchestration/planner/llm_decomposer.go:60.2,66.56 2 1
sma-os/orchestration/planner/llm_decomposer.go:66.56,68.3 1 1
sma-os/orchestration/planner/llm_decomposer.go:70.2,70.20 1 1
sma-os/orchestration/planner/llm_decomposer.go:74.82,75.19 1 1
sma-os/orchestration/planner/llm_decomposer.go:75.19,77.3 1 0
sma-os/orchestration/planner/llm_decomposer.go:79.2,80.33 2 1
sma-os/orchestration/planner/llm_decomposer.go:80.33,82.3 1 1
sma-os/orchestration/planner/llm_decomposer.go:85.2,85.33 1 1
sma-os/orchestration/planner/llm_decomposer.go:85.33,86.38 1 1
sma-os/orchestration/planner/llm_decomposer.go:86.38,87.19 1 1
sma-os/orchestration/planner/llm_decomposer.go:87.19,89.5 1 1
sma-os/orchestration/planner/llm_decomposer.go:94.2,94.28 1 1
sma-os/orchestration/planner/llm_decomposer.go:94.28,96.3 1 1
sma-os/orchestration/planner/llm_decomposer.go:98.2,98.12 1 1
sma-os/orchestration/planner/llm_decomposer.go:102.64,120.2 1 1
sma-os/orchestration/planner/llm_decomposer.go:123.66,126.51 2 1
sma-os/orchestration/planner/llm_decomposer.go:126.51,128.3 1 1
sma-os/orchestration/planner/llm_decomposer.go:129.2,129.55 1 1
sma-os/orchestration/planner/llm_decomposer.go:129.55,131.3 1 1
sma-os/orchestration/planner/llm_decomposer.go:133.2,134.65 2 1
sma-os/orchestration/planner/llm_decomposer.go:134.65,136.3 1 1
sma-os/orchestration/planner/llm_decomposer.go:137.2,137.21 1 1
sma-os/orchestration/planner/llm_decomposer.go:137.21,139.3 1 0
sma-os/orchestration/planner/llm_decomposer.go:140.2,140.19 1 1
sma-os/orchestration/planner/llm_decomposer.go:145.50,146.26 1 1
sma-os/orchestration/planner/llm_decomposer.go:146.26,147.31 1 1
sma-os/orchestration/planner/llm_decomposer.go:147.31,149.4 1 1
sma-os/orchestration/planner/llm_decomposer.go:151.2,151.20 1 1
sma-os/orchestration/planner/llm_decomposer.go:151.20,153.3 1 1
sma-os/orchestration/planner/llm_decomposer.go:154.2,154.11 1 0
sma-os/orchestration/planner/llm_decomposer.go:158.44,160.26 2 1
sma-os/orchestration/planner/llm_decomposer.go:160.26,162.3 1 1
sma-os/orchestration/planner/llm_decomposer.go:164.2,168.29 4 1
sma-os/orchestration/planner/llm_decomposer.go:168.29,171.31 3 1
sma-os/orchestration/planner/llm_decomposer.go:171.31,172.21 1 1
sma-os/orchestration/planner/llm_decomposer.go:172.21,173.17 1 1
sma-os/orchestration/planner/llm_decomposer.go:173.17,175.6 1 1
sma-os/orchestration/planner/llm_decomposer.go:176.10,176.27 1 1
sma-os/orchestration/planner/llm_decomposer.go:176.27,178.5 1 1
sma-os/orchestration/planner/llm_decomposer.go:180.3,181.15 2 1
sma-os/orchestration/planner/llm_decomposer.go:184.2,184.26 1 1
sma-os/orchestration/planner/llm_decomposer.go:184.26,185.21 1 1
sma-os/orchestration/planner/llm_decomposer.go:185.21,186.17 1 1
sma-os/orchestration/planner/llm_decomposer.go:186.17,188.5 1 1
sma-os/orchestration/planner/llm_decomposer.go:191.2,191.14 1 1
